# Fri May 31 14:31:43 2019 -- reformatted by PCGen TidyLst v1.04.00
SOURCELONG:Modern System Reference Document	SOURCESHORT:MSRD	SOURCEWEB:http://www.wizards.com/D20/article.asp?x=msrd	SOURCEDATE:2002-01

###Block: Other Ranged Weapons
# Equipment Name		Output Name			Required Weapon Proficiency			Type								Rate of Fire		Contains				Cost	Weight	Crit Mult	Crit Range	Damage		Range		Size	Source Page			Special Property
Air Pistol							PROFICIENCY:WEAPON|Air Pistol			TYPE:Weapon.Ranged.Simple.Standard.Pistol.Piercing.Container	FACT:RateOfFire|1	CONTAINS:UNLIM|Total=1|Pellet=1|Dart=1	COST:7	WT:2	CRITMULT:x2	CRITRANGE:1	DAMAGE:1d2	RANGE:30	SIZE:S	SOURCEPAGE:ArcanaEquipment	SPROP:1 Pellet or Dart
Air Rifle							PROFICIENCY:WEAPON|Air Rifle			TYPE:Weapon.Ranged.Simple.Standard.Piercing.Container		FACT:RateOfFire|1	CONTAINS:UNLIM|Total=1|Pellet=1|Dart=1	COST:8	WT:5	CRITMULT:x2	CRITRANGE:1	DAMAGE:1d2	RANGE:50	SIZE:L	SOURCEPAGE:ArcanaEquipment	SPROP:1 Pellet or Dart
Blowgun								PROFICIENCY:WEAPON|Blowgun			TYPE:Weapon.Ranged.Simple.Standard.Piercing.Wooden.Container	FACT:RateOfFire|1	CONTAINS:UNLIM|Dart=1			COST:4	WT:2	CRITMULT:x2	CRITRANGE:1	DAMAGE:1	RANGE:10	SIZE:S	SOURCEPAGE:ArcanaEquipment	SPROP:1 Dart
Bolas								PROFICIENCY:WEAPON|Bolas			TYPE:Weapon.Ranged.Archaic.Standard.Special.Wooden.Thrown	FACT:RateOfFire|1						COST:3	WT:2	CRITMULT:-	CRITRANGE:0	DAMAGE:0	RANGE:10	SIZE:S	SOURCEPAGE:ArcanaEquipment	SPROP:Entangle
Crossbow (Grapple-Firing)	OUTPUTNAME:[NAME] Crossbow	PROFICIENCY:WEAPON|Grapple-Firing Crossbow	TYPE:Weapon.Ranged.Archaic.Standard.Piercing.Wooden.Container	FACT:RateOfFire|1	CONTAINS:UNLIM|Grapple=1		COST:12	WT:12	CRITMULT:-	CRITRANGE:0	DAMAGE:1d3	RANGE:120	SIZE:M	SOURCEPAGE:ArcanaEquipment	SPROP:1 Grapple
Crossbow (Hand)			OUTPUTNAME:[NAME] Crossbow	PROFICIENCY:WEAPON|Hand Crossbow		TYPE:Weapon.Ranged.Archaic.Standard.Piercing.Wooden.Container	FACT:RateOfFire|1	CONTAINS:UNLIM|Bolt=1			COST:11	WT:3	CRITMULT:x2	CRITRANGE:2	DAMAGE:1d4	RANGE:30	SIZE:T	SOURCEPAGE:ArcanaEquipment	SPROP:1 Bolt
Crossbow (Repeating)		OUTPUTNAME:[NAME] Crossbow	PROFICIENCY:WEAPON|Repeating Crossbow		TYPE:Weapon.Ranged.Exotic.Standard.Piercing.Wooden.Container	FACT:RateOfFire|1	CONTAINS:UNLIM|Bolt=5			COST:11	WT:16	CRITMULT:x2	CRITRANGE:2	DAMAGE:1d8	RANGE:80	SIZE:M	SOURCEPAGE:ArcanaEquipment	SPROP:Reloading takes a Full Round
Flare Gun							PROFICIENCY:WEAPON|Flare Gun			TYPE:Weapon.Ranged.Simple.Standard.Fire				FACT:RateOfFire|1						COST:11	WT:2	CRITMULT:x2	CRITRANGE:1	DAMAGE:1d8	RANGE:30	SIZE:S	SOURCEPAGE:ArcanaEquipment	SPROP:automatically ignites flammable items
Net								PROFICIENCY:WEAPON|Net				TYPE:Weapon.Ranged.Archaic.Standard.Special.Thrown		FACT:RateOfFire|1						COST:6	WT:10	CRITMULT:-	CRITRANGE:0	DAMAGE:0	RANGE:10	SIZE:M	SOURCEPAGE:ArcanaEquipment	SPROP:Entangle
Net Launcher							PROFICIENCY:WEAPON|Grenade Launcher		TYPE:Weapon.Ranged.Exotic.Standard.GrenadeLauncher		FACT:RateOfFire|1						COST:15	WT:20	CRITMULT:-	CRITRANGE:0	DAMAGE:0	RANGE:10	SIZE:L	SOURCEPAGE:ArcanaEquipment	SPROP:Lic(+1). Entangle
Paint Ball Gun							PROFICIENCY:WEAPON|Paint Ball Gun		TYPE:Weapon.Ranged.Simple.Standard.Special			FACT:RateOfFire|S						COST:8	WT:2	CRITMULT:-	CRITRANGE:1	DAMAGE:0	RANGE:30	SIZE:S	SOURCEPAGE:ArcanaEquipment	SPROP:Paint splotch, critical hit scores 1d6 nonlethal
Sling								PROFICIENCY:WEAPON|Sling			TYPE:Weapon.Ranged.Archaic.Standard.Ballistic			FACT:RateOfFire|1						COST:3	WT:0	CRITMULT:x2	CRITRANGE:1	DAMAGE:1d4	RANGE:50	SIZE:S	SOURCEPAGE:ArcanaEquipment	SPROP:Lead bullets. Stones deal 1d3 damage and suffer -1 to attack
Slingshot							PROFICIENCY:WEAPON|Slingshot			TYPE:Weapon.Ranged.Simple.Standard.Ballistic			FACT:RateOfFire|1						COST:4	WT:1	CRITMULT:x2	CRITRANGE:1	DAMAGE:1d3	RANGE:50	SIZE:T	SOURCEPAGE:ArcanaEquipment	SPROP:Lead Bullets
Speargun							PROFICIENCY:WEAPON|Speargun			TYPE:Weapon.Ranged.Simple.Standard.Piercing			FACT:RateOfFire|1						COST:10	WT:5	CRITMULT:x2	CRITRANGE:1	DAMAGE:2d6	RANGE:10	SIZE:L	SOURCEPAGE:ArcanaEquipment	SPROP:On damage victim needs to roll a Reflex check (DC 10+damage) to avoid lodging
Super Watergun							PROFICIENCY:WEAPON|Super Watergun		TYPE:Weapon.Ranged.Simple.Standard.Special.Goods.Toys		FACT:RateOfFire|1						COST:4	WT:2	CRITMULT:-	CRITRANGE:0	DAMAGE:0	RANGE:10	SIZE:M	SOURCEPAGE:ArcanaEquipment	SPROP:Toy Gun, shoots water, holds 5 shots
Water Cannon							PROFICIENCY:WEAPON|Water Cannon			TYPE:Weapon.Ranged.Simple.Standard.Special			FACT:RateOfFire|1						COST:19	WT:50	CRITMULT:-	CRITRANGE:0	DAMAGE:0	RANGE:10	SIZE:H	SOURCEPAGE:ArcanaEquipment	SPROP:Lic(+1), damage 1d10 nonlethal, Reflex DC 15 or be knocked prone
Sticky Foam Sprayer						PROFICIENCY:WEAPON|Sticky Foam Sprayer		TYPE:Weapon.Ranged.Simple.Standard.Special			FACT:RateOfFire|1						COST:0	WT:50	CRITMULT:-	CRITRANGE:0	DAMAGE:0	RANGE:15	SIZE:L	SOURCEPAGE:ArcanaEquipment	SPROP:Fills a 5' square per round, Reflex Save DC 15 or be glued to the floor
