# Fri May 31 14:31:43 2019 -- reformatted by PCGen TidyLst v1.04.00
SOURCELONG:Modern System Reference Document	SOURCESHORT:MSRD	SOURCEWEB:http://www.wizards.com/D20/article.asp?x=msrd	SOURCEDATE:2002-01
#Original Entry by: Paul King

#-----------------------
# Archmage
#-----------------------

# Class Name	Hit Dice	Type			Class Type		Max Level	Source Page				Define							Combat bonus					Save bonus													Modify VAR
CLASS:Archmage	HD:6		TYPE:PC.Prestige	FACT:ClassType|PC	MAXLEVEL:5	SOURCEPAGE:ArcanaAdvancedClasses	DEFINE:ArchmageLVL|0	DEFINE:NonepicArchmageLVL|0	BONUS:COMBAT|BASEAB|NonepicArchmageLVL/2	BONUS:SAVE|BASE.Fortitude,BASE.Reflex|NonepicArchmageLVL/3	BONUS:SAVE|BASE.Will|NonepicArchmageLVL/2+2	BONUS:VAR|ArchmageLVL|CL	BONUS:VAR|NonepicArchmageLVL|classlevel("APPLIEDAS=NONEPIC")	BONUS:VAR|ClassDefense|(ArchmageLVL+1)/2	BONUS:VAR|Reputation|(ArchmageLVL+5)/3	BONUS:VAR|Action|floor(ArchmageLVL*7+ArchmageLVL/2*ArchmageLVL/2)

# Class Name	Required Skill								Required Casting Type
CLASS:Archmage	PRESKILL:3,Knowledge (Arcane Lore)=12,Concentration=12,Spellcraft=12	PRESPELLCAST:TYPE=Arcane

# Class Name	Skill Pts/Lvl	Class Skill
CLASS:Archmage	STARTSKILLPTS:6	CSKILL:Computer Use|Concentration|Craft (Chemical)|Craft (Electronic)|Craft (Mechanical)|Craft (Pharmaceutical)|Decipher Script|Demolitions|Disable Device|Investigate|Knowledge (Arcane Lore)|Knowledge (Art)|Knowledge (Behavioral Sciences)|Knowledge (Business)|Knowledge (Civics)|Knowledge (Current Events)|Knowledge (Earth and Life Sciences)|Knowledge (History)|Knowledge (Physical Sciences)|Knowledge (Popular Culture)|Knowledge (Streetwise)|Knowledge (Technology)|Knowledge (Theology and Philosophy)|Profession|Read/Write Language|Repair|Research|SPEAK LANGUAGE|Spellcraft
1	ABILITY:Special Ability|AUTOMATIC|Archmage ~ Total Spellcasting
2	ABILITY:Special Ability|AUTOMATIC|Archmage ~ Increased Spells
3	ABILITY:Special Ability|AUTOMATIC|Archmage ~ Gifted Incantations
5	ABILITY:Special Ability|AUTOMATIC|Archmage ~ Granted Incantations


#-----------------------
# Artificer
#-----------------------

# Class Name	Hit Dice	Type			Class Type		Max Level	Source Page				Define							Combat bonus					Save bonus																		Modify VAR
CLASS:Artificer	HD:6		TYPE:PC.Prestige	FACT:ClassType|PC	MAXLEVEL:5	SOURCEPAGE:ArcanaAdvancedClasses	DEFINE:ArtificerLVL|0	DEFINE:NonepicArtificerLVL|0	BONUS:COMBAT|BASEAB|NonepicArtificerLVL/2	BONUS:SAVE|BASE.Fortitude|(NonepicArtificerLVL+3)*2/5	BONUS:SAVE|BASE.Reflex|NonepicArtificerLVL/3	BONUS:SAVE|BASE.Will|NonepicArtificerLVL/2+	BONUS:VAR|ArtificerLVL|CL	BONUS:VAR|ClassDefense|(ArtificerLVL+1)/2	BONUS:VAR|Reputation|(ArtificerLVL+5)/3	BONUS:VAR|Action|floor(ArtificerLVL*7+ArtificerLVL/2*ArtificerLVL/2)	BONUS:VAR|NonepicArtificerLVL|classlevel("APPLIEDAS=NONEPIC")

# Class Name	Multiple Requirements									Req. Spell Type
CLASS:Artificer	PREMULT:2,[PRESKILL:2,Knowledge (Arcane Lore)=9,Spellcraft=9],[PRESKILL:1,TYPE.Craft=9]	PRESPELLTYPE:1,Arcane=2

# Class Name	Skill Pts/Lvl	Class Skill
CLASS:Artificer	STARTSKILLPTS:6	CSKILL:Computer Use|Concentration|Craft (Chemical)|Craft (Electronic)|Craft (Mechanical)|Craft (Pharmaceutical)|Craft (Structural)|Decipher Script|Disable Device|Drive|Forgery|Knowledge (Arcane Lore)|Knowledge (Art)|Knowledge (Business)|Knowledge (Current Events)|Knowledge (Earth and Life Sciences)|Knowledge (History)|Knowledge (Physical Sciences)|Knowledge (Popular Culture)|Knowledge (Technology)|Knowledge (Theology and Philosophy)|Profession|Read/Write Language|Repair|Research|Search|SPEAK LANGUAGE
1	BONUS:ABILITYPOOL|Craft Artifice|ArtificerLVL
2	BONUS:ABILITYPOOL|Artificer Feat|ArtificerLVL/2


#-----------------------
# Ecclesiarch
#-----------------------

# Class Name		Hit Dice	Type			Class Type		Max Level	Source Page				Define							Combat bonus					Save bonus													Modify VAR
CLASS:Ecclesiarch	HD:8		TYPE:PC.Prestige	FACT:ClassType|PC	MAXLEVEL:5	SOURCEPAGE:ArcanaAdvancedClasses	DEFINE:EcclesiarchLVL|0	DEFINE:NonepicEcclesiarchLVL|0	BONUS:COMBAT|BASEAB|NonepicEcclesiarchLVL/2	BONUS:SAVE|BASE.Fortitude,BASE.Reflex|NonepicEcclesiarchLVL/3	BONUS:SAVE|BASE.Will|NonepicEcclesiarchLVL/2+2	BONUS:VAR|EcclesiarchLVL|CL	BONUS:VAR|ClassDefense|(EcclesiarchLVL+1)/2	BONUS:VAR|Reputation|(EcclesiarchLVL+5)/3	BONUS:VAR|Action|floor(EcclesiarchLVL*7+EcclesiarchLVL/2*EcclesiarchLVL/2)	BONUS:VAR|NonepicEcclesiarchLVL|CL

# Class Name		Required Ability				Required Skill										Required Casting Type
CLASS:Ecclesiarch	PREABILITY:1,CATEGORY=Special Ability,Base Turn	PRESKILL:3,Concentration=10,Knowledge (Theology and Philosophy)=10,Spellcraft=10	PRESPELLCAST:TYPE=Divine

# Class Name		Skill Pts/Lvl	Class Skill
CLASS:Ecclesiarch	STARTSKILLPTS:4	CSKILL:Concentration|Craft (Chemical)|Craft (Electronic)|Craft (Visual Art)|Craft (Writing)|Decipher Script|Diplomacy|Gather Information|Investigate|Knowledge (Arcane Lore)|Knowledge (Art)|Knowledge (Behavioral Sciences)|Knowledge (Current Events)|Knowledge (History)|Knowledge (Popular Culture)|Knowledge (Theology and Philosophy)|Listen|TYPE=Perform|Profession|Read/Write Language|Research|Sense Motive|SPEAK LANGUAGE|Spellcraft|Survival|Treat Injury
1	ABILITY:Special Ability|AUTOMATIC|Ecclesiarch ~ Total Spellcasting
2	ABILITY:Special Ability|AUTOMATIC|Ecclesiarch ~ Increased Spells
3	ABILITY:Special Ability|AUTOMATIC|Ecclesiarch ~ Total Turning
5	ABILITY:Special Ability|AUTOMATIC|Ecclesiarch ~ Innovative Turning


#-----------------------
# Holy Unholy Knight
#-----------------------

# Class Name			Hit Dice	Spell Type		Type			Class Type		Max Level	Source Page				Define									Combat bonus						Save bonus															Modify VAR
CLASS:Holy Unholy Knight	HD:10		FACT:SpellType|Divine	TYPE:PC.Prestige	FACT:ClassType|PC	MAXLEVEL:5	SOURCEPAGE:ArcanaAdvancedClasses	DEFINE:HolyUnholyKnightLVL|0	DEFINE:NonepicHolyUnholyKnightLVL|0	BONUS:COMBAT|BASEAB|NonepicHolyUnholyKnightLVL/2	BONUS:SAVE|BASE.Fortitude,BASE.Reflex|NonepicHolyUnholyKnightLVL/3	BONUS:SAVE|BASE.Will|NonepicHolyUnholyKnightLVL/2+2	BONUS:VAR|HolyUnholyKnightLVL|CL	BONUS:VAR|Action|floor(CL*7+CL/2*CL/2)	BONUS:VAR|NonepicHolyUnholyKnightLVL|classlevel("APPLIEDAS=NONEPIC")

# Class Name			Required Ability			Multiple Requirements									PRETOTALAB
CLASS:Holy Unholy Knight	PREABILITY:1,CATEGORY=FEAT,Weapon Focus	PREMULT:2,[PRESKILL:2,Diplomacy=9,Gather Information=9],[PRESKILL:1,TYPE.Knowledge=9]	PRETOTALAB:8

# Class Name			Skill Pts/Lvl	Class Skill
CLASS:Holy Unholy Knight	STARTSKILLPTS:4	CSKILL:Climb|Diplomacy|Handle Animal|Intimidate|Jump|Knowledge (Arcane Lore)|Knowledge (Current Events)|Knowledge (History)|Knowledge (Popular Culture)|Knowledge (Streetwise)|Knowledge (Tactics)|Knowledge (Technology)|Knowledge (Theology and Philosophy)|Profession|Read/Write Language|Ride|Sense Motive|SPEAK LANGUAGE|Treat Injury

# Class Name			Spell Stat	Automatically Known Spell Levels		Caster level
CLASS:Holy Unholy Knight	SPELLSTAT:WIS	KNOWNSPELLS:LEVEL=0|LEVEL=1|LEVEL=2|LEVEL=3	BONUS:CASTERLEVEL|Holy Unholy Knight|CL

###Block: Spells
1	SPELLLEVEL:CLASS|Holy Unholy Knight=0|Create Water,Cure Minor Wounds,Detect Magical Aura,Inflict Minor Wounds,Light,Read Magic,Resistance,Virtue|Holy Unholy Knight=1|Bane,Bless,Cause Fear,Command,Comprehend Languages,Cure Light Wounds,Inflict Light Wounds,Magic Weapon,Remove Fear,Shield of Faith|Holy Unholy Knight=2|Aid,Augury,Cure Moderate Wounds,Delay Poison,Enhance Ability,Hold Person,Inflict Moderate Wounds,Lesser Restoration,Remove Paralysis,Resist Energy,Silence,Spider Climb,Zone of Truth|Holy Unholy Knight=3|Animate Dead,Bestow Curse,Cure Serious Wounds,Dispel Magic,Glyph of Warding,Inflict Serious Wounds,Locate Object,Prayer,Remove Curse,Remove Disease,Searing Light,Status,Water Breathing

###Block:
1	CAST:2,1
2	CAST:3,2
3	CAST:3,2,1
4	CAST:4,3,2
5	CAST:4,3,2,1

###Block:
1	ABILITY:Special Ability|AUTOMATIC|Holy Unholy Knight ~ Divine Grace
2	ABILITY:Special Ability|AUTOMATIC|Holy Unholy Knight ~ Sense Allegiance
3	ABILITY:Special Ability|AUTOMATIC|Holy Unholy Knight ~ Smite Allegiance
4	ABILITY:Special Ability|AUTOMATIC|Holy Unholy Knight ~ Divine Touch
5	ABILITY:Special Ability|AUTOMATIC|Holy Unholy Knight ~ Turn Undead

#
# End
#
