# Fri May 31 16:44:09 2019 -- reformatted by PCGen TidyLst v1.04.00
SOURCELONG:Modern System Reference Document - Basics	SOURCESHORT:MSRD	SOURCEWEB:http://www.wizards.com/D20/article.asp?x=msrd	SOURCEDATE:2002-01
# Original Entry by: Paul King, Barak

#-----------------------
# Strong
#-----------------------

# Class Name	Hit Dice	Type		Class Type		Abbreviation	Max Level	Base class as subclass?	Define							Combat bonus				Save bonus																	Modify VAR
CLASS:Strong	HD:8		TYPE:Base.PC	FACT:ClassType|PC	FACT:Abb|Stron	MAXLEVEL:10	ALLOWBASECLASS:NO	DEFINE:StrongLVL|0	DEFINE:NonepicStrongLVL|0	BONUS:COMBAT|BASEAB|NonepicStrongLVL	BONUS:SAVE|BASE.Fortitude|(NonepicStrongLVL+3)*2/5	BONUS:SAVE|BASE.Reflex|NonepicStrongLVL/3	BONUS:SAVE|BASE.Will|NonepicStrongLVL/3	BONUS:VAR|StrongLVL|CL	BONUS:VAR|NonepicStrongLVL|classlevel("APPLIEDAS=NONEPIC")	BONUS:VAR|ClassDefense|(((StrongLVL+6)*2)/5)-1	BONUS:VAR|Reputation|(StrongLVL-1)/4

# Class Name	Skill Pts/Lvl	Class Skill
CLASS:Strong	STARTSKILLPTS:2	CSKILL:Climb|Craft (Structural)|Handle Animal|Jump|Knowledge (Current Events)|Knowledge (Popular Culture)|Knowledge (Streetwise)|Knowledge (Tactics)|Profession|Read/Write Language|Repair|SPEAK LANGUAGE|Swim

###Block: Ordinary
SUBCLASS:Strong Ordinary	COST:0
SUBCLASSLEVEL:1	ABILITY:Special Ability|AUTOMATIC|All Automatic Proficiencies	TEMPLATE:Ordinary CR

###Block: Hero
SUBCLASS:Strong Hero	COST:0
SUBCLASSLEVEL:1	BONUS:ABILITYPOOL|Strong Talent|(StrongLvl+1)/2	BONUS:VAR|Action|StrongLvl*5	BONUS:VAR|Action|floor((TL-MonsterLevel)/2*(TL-MonsterLevel)/2)|TYPE=NonStackingAP	ABILITY:Special Ability|AUTOMATIC|All Automatic Proficiencies
SUBCLASSLEVEL:2	BONUS:ABILITYPOOL|Strong Feat|StrongLvl/2
#
1	ABILITY:Wealth|AUTOMATIC|Starting Wealth	ABILITY:FEAT|AUTOMATIC|Simple Weapons Proficiency	TEMPLATE:Occupation


#-----------------------
# Fast
#-----------------------

# Class Name	Hit Dice	Type		Class Type		Abbreviation	Max Level	Base class as subclass?	Define						Combat bonus					Save bonus																Modify VAR
CLASS:Fast	HD:8		TYPE:Base.PC	FACT:ClassType|PC	FACT:Abb|Fast	MAXLEVEL:10	ALLOWBASECLASS:NO	DEFINE:FastLvl|0	DEFINE:NonepicFastLvl|0	BONUS:COMBAT|BASEAB|(NonepicFastLVL*3)/4	BONUS:SAVE|BASE.Fortitude|NonepicFastLVL/3	BONUS:SAVE|BASE.Reflex|(NonepicFastLVL+3)*2/5	BONUS:SAVE|BASE.Will|NonepicFastLVL/3	BONUS:VAR|FastLvl|CL	BONUS:VAR|NonepicFastLvl|classlevel("APPLIEDAS=NONEPIC")	BONUS:VAR|ClassDefense|(FastLvl/2)+3	BONUS:VAR|Reputation|FastLvl/3

# Class Name	Skill Pts/Lvl	Class Skill
CLASS:Fast	STARTSKILLPTS:4	CSKILL:Balance|Craft (Mechanical)|Drive|Escape Artist|Hide|Knowledge (Current Events)|Knowledge (Popular Culture)|Knowledge (Streetwise)|Move Silently|Pilot|Profession|Read/Write Language|Ride|Sleight of Hand|SPEAK LANGUAGE|Tumble

###Block: Ordinary
SUBCLASS:Fast Ordinary	COST:0
SUBCLASSLEVEL:1	ABILITY:Special Ability|AUTOMATIC|All Automatic Proficiencies	TEMPLATE:Ordinary CR

###Block: Hero
SUBCLASS:Fast Hero	COST:0
SUBCLASSLEVEL:1	BONUS:ABILITYPOOL|Fast Talent|(FastLvl+1)/2	BONUS:VAR|Action|FastLvl*5	BONUS:VAR|Action|floor((TL-MonsterLevel)/2*(TL-MonsterLevel)/2)|TYPE=NonStackingAP	ABILITY:Special Ability|AUTOMATIC|All Automatic Proficiencies
SUBCLASSLEVEL:2	BONUS:ABILITYPOOL|Fast Feat|FastLvl/2
#
1	ABILITY:Wealth|AUTOMATIC|Starting Wealth	ABILITY:FEAT|AUTOMATIC|Simple Weapons Proficiency	TEMPLATE:Occupation


#-----------------------
# Tough
#-----------------------

# Class Name	Hit Dice	Type		Class Type		Abbreviation	Max Level	Base class as subclass?	Define							Combat bonus					Save bonus																	Modify VAR
CLASS:Tough	HD:10		TYPE:Base.PC	FACT:ClassType|PC	FACT:Abb|Toug	MAXLEVEL:10	ALLOWBASECLASS:NO	DEFINE:ToughLvl|0	DEFINE:NonepicToughLvl|0	BONUS:COMBAT|BASEAB|(NonepicToughLVL*3)/4	BONUS:SAVE|BASE.Fortitude|(NonepicToughLVL+3)*2/5	BONUS:SAVE|BASE.Reflex|NonepicToughLVL/3	BONUS:SAVE|BASE.Will|NonepicToughLVL/3	BONUS:VAR|ToughLvl|CL	BONUS:VAR|NonepicToughLvl|classlevel("APPLIEDAS=NONEPIC")	BONUS:VAR|ClassDefense|(((ToughLvl+6)*2)/5)-1	BONUS:VAR|Reputation|ToughLvl/3

# Class Name	Skill Pts/Lvl	Class Skill
CLASS:Tough	STARTSKILLPTS:2	CSKILL:Climb|Concentration|Craft (Mechanical)|Craft (Structural)|Drive|Intimidate|Knowledge (Current Events)|Knowledge (Popular Culture)|Knowledge (Streetwise)|Profession|Read/Write Language|Ride|SPEAK LANGUAGE|Spot|Survival

###Block: Ordinary
SUBCLASS:Tough Ordinary	COST:0
SUBCLASSLEVEL:1	ABILITY:Special Ability|AUTOMATIC|All Automatic Proficiencies	TEMPLATE:Ordinary CR

###Block: Hero
SUBCLASS:Tough Hero	COST:0
SUBCLASSLEVEL:1	BONUS:ABILITYPOOL|Tough Talent|(ToughLvl+1)/2	BONUS:VAR|Action|ToughLvl*5	BONUS:VAR|Action|floor((TL-MonsterLevel)/2*(TL-MonsterLevel)/2)|TYPE=NonStackingAP	ABILITY:Special Ability|AUTOMATIC|All Automatic Proficiencies
SUBCLASSLEVEL:2	BONUS:ABILITYPOOL|Tough Feat|ToughLvl/2
#
1	ABILITY:Wealth|AUTOMATIC|Starting Wealth	ABILITY:FEAT|AUTOMATIC|Simple Weapons Proficiency	TEMPLATE:Occupation


#-----------------------
# Smart
#-----------------------

# Class Name	Hit Dice	Type		Class Type		Abbreviation	Max Level	Base class as subclass?	Define							Combat bonus				Save bonus																	Modify VAR
CLASS:Smart	HD:6		TYPE:Base.PC	FACT:ClassType|PC	FACT:Abb|Smar	MAXLEVEL:10	ALLOWBASECLASS:NO	DEFINE:SmartLvl|0	DEFINE:NonepicSmartLvl|0	BONUS:COMBAT|BASEAB|NonepicSmartLVL/2	BONUS:SAVE|BASE.Fortitude|NonepicSmartLVL/3	BONUS:SAVE|BASE.Reflex|NonepicSmartLVL/3	BONUS:SAVE|BASE.Will|(NonepicSmartLVL+3)*2/5	BONUS:VAR|SmartLvl|CL	BONUS:VAR|NonepicSmartLvl|(classlevel("APPLIEDAS=NONEPIC")	BONUS:VAR|ClassDefense|(SmartLvl+1)/3	BONUS:VAR|Reputation|((SmartLvl-1)/3)+1

# Class Name	Skill Pts/Lvl	Class Skill
CLASS:Smart	STARTSKILLPTS:8	CSKILL:Computer Use|Craft (Chemical)|Craft (Electronic)|Craft (Mechanical)|Craft (Pharmaceutical)|Craft (Structural)|Craft (Visual Art)|Craft (Writing)|Decipher Script|Demolitions|Disable Device|Forgery|Investigate|Knowledge (Arcane Lore)|Knowledge (Art)|Knowledge (Behavioral Sciences)|Knowledge (Business)|Knowledge (Civics)|Knowledge (Current Events)|Knowledge (Earth and Life Sciences)|Knowledge (History)|Knowledge (Physical Sciences)|Knowledge (Popular Culture)|Knowledge (Streetwise)|Knowledge (Tactics)|Knowledge (Technology)|Knowledge (Theology and Philosophy)|Navigate|Profession|Read/Write Language|Repair|Research|Search|SPEAK LANGUAGE

###Block: Ordinary
SUBCLASS:Smart Ordinary	COST:0
SUBCLASSLEVEL:1	ABILITY:Special Ability|AUTOMATIC|All Automatic Proficiencies	TEMPLATE:Ordinary CR

###Block: Hero
SUBCLASS:Smart Hero	COST:0
SUBCLASSLEVEL:1	BONUS:ABILITYPOOL|Smart Talent|(SmartLvl+1)/2	BONUS:VAR|Action|SmartLvl*5	BONUS:VAR|Action|floor((TL-MonsterLevel)/2*(TL-MonsterLevel)/2)|TYPE=NonStackingAP	ABILITY:Special Ability|AUTOMATIC|All Automatic Proficiencies
SUBCLASSLEVEL:2	BONUS:ABILITYPOOL|Smart Feat|SmartLvl/2
#
1	ABILITY:Wealth|AUTOMATIC|Starting Wealth	ABILITY:FEAT|AUTOMATIC|Simple Weapons Proficiency	TEMPLATE:Occupation


#-----------------------
# Dedicated
#-----------------------

# Class Name	Hit Dice	Type		Class Type		Abbreviation	Max Level	Base class as subclass?	Define							Combat bonus					Save bonus																			Modify VAR
CLASS:Dedicated	HD:6		TYPE:Base.PC	FACT:ClassType|PC	FACT:Abb|Dedi	MAXLEVEL:10	ALLOWBASECLASS:NO	DEFINE:DedicatedLvl|0	DEFINE:NonepicDedicatedLvl|0	BONUS:COMBAT|BASEAB|(NonepicDedicatedLVL*3)/4	BONUS:SAVE|BASE.Fortitude|(NonepicDedicatedLVL+3)*2/5	BONUS:SAVE|BASE.Reflex|NonepicDedicatedLVL/3	BONUS:SAVE|BASE.Will|(NonepicDedicatedLVL+3)*2/5	BONUS:VAR|DedicatedLvl|CL	BONUS:VAR|NonepicDedicatedLvl|classlevel("APPLIEDAS=NONEPIC")	BONUS:VAR|ClassDefense|(((DedicatedLvl+6)*2)/5)-1	BONUS:VAR|Reputation|((DedicatedLvl-1)/3)+1

# Class Name	Skill Pts/Lvl	Class Skill
CLASS:Dedicated	STARTSKILLPTS:4	CSKILL:Craft (Pharmaceutical)|Craft (Visual Art)|Craft (Writing)|Gamble|Investigate|Knowledge (Arcane Lore)|Knowledge (Art)|Knowledge (Behavioral Sciences)|Knowledge (Business)|Knowledge (Civics)|Knowledge (Current Events)|Knowledge (Earth and Life Sciences)|Knowledge (History)|Knowledge (Physical Sciences)|Knowledge (Popular Culture)|Knowledge (Streetwise)|Knowledge (Tactics)|Knowledge (Technology)|Knowledge (Theology and Philosophy)|Listen|Profession|Read/Write Language|Sense Motive|SPEAK LANGUAGE|Spot|Survival|Treat Injury

###Block: Ordinary
SUBCLASS:Dedicated Ordinary	COST:0
SUBCLASSLEVEL:1	ABILITY:Special Ability|AUTOMATIC|All Automatic Proficiencies	TEMPLATE:Ordinary CR

###Block: Hero
SUBCLASS:Dedicated Hero	COST:0
SUBCLASSLEVEL:1	BONUS:ABILITYPOOL|Dedicated Talent|(DedicatedLvl+1)/2	BONUS:VAR|Action|DedicatedLvl*5	BONUS:VAR|Action|floor((TL-MonsterLevel)/2*(TL-MonsterLevel)/2)|TYPE=NonStackingAP	ABILITY:Special Ability|AUTOMATIC|All Automatic Proficiencies
SUBCLASSLEVEL:2	BONUS:ABILITYPOOL|Dedicated Feat|DedicatedLvl/2
#
1	ABILITY:Wealth|AUTOMATIC|Starting Wealth	ABILITY:FEAT|AUTOMATIC|Simple Weapons Proficiency	TEMPLATE:Occupation


#-----------------------
# Charismatic
#-----------------------

# Class Name		Hit Dice	Type		Class Type		Abbreviation	Max Level	Base class as subclass?	Define							Combat bonus					Save bonus																			Modify VAR
CLASS:Charismatic	HD:6		TYPE:Base.PC	FACT:ClassType|PC	FACT:Abb|Char	MAXLEVEL:10	ALLOWBASECLASS:NO	DEFINE:CharismaticLvl|0	DEFINE:NonepicCharismaticLvl|0	BONUS:COMBAT|BASEAB|NonepicCharismaticLVL/2	BONUS:SAVE|BASE.Fortitude|(NonepicCharismaticLVL+3)*2/5	BONUS:SAVE|BASE.Reflex|(NonepicCharismaticLVL+3)*2/5	BONUS:SAVE|BASE.Will|NonepicCharismaticLVL/3	BONUS:VAR|CharismaticLvl|CL	BONUS:VAR|NonepicCharismaticLvl|classlevel("APPLIEDAS=NONEPIC")	BONUS:VAR|ClassDefense|(CharismaticLvl+1)/3	BONUS:VAR|Reputation|(((CharismaticLvl+6)*2)/5)-1

# Class Name		Skill Pts/Lvl	Class Skill
CLASS:Charismatic	STARTSKILLPTS:6	CSKILL:Bluff|Craft (Visual Art)|Craft (Writing)|Diplomacy|Disguise|Gather Information|Handle Animal|Intimidate|Knowledge (Arcane Lore)|Knowledge (Art)|Knowledge (Behavioral Sciences)|Knowledge (Business)|Knowledge (Civics)|Knowledge (Current Events)|Knowledge (Popular Culture)|Knowledge (Streetwise)|Knowledge (Theology and Philosophy)|Perform (Act)|Perform (Dance)|Perform (Keyboards)|Perform (Percussion Instruments)|Perform (Sing)|Perform (Stand-Up)|Perform (Stringed Instruments)|Perform (Wind Instruments)|Profession|Read/Write Language|SPEAK LANGUAGE

###Block: Ordinary
SUBCLASS:Charismatic Ordinary	COST:0
SUBCLASSLEVEL:1	ABILITY:Special Ability|AUTOMATIC|All Automatic Proficiencies	TEMPLATE:Ordinary CR

###Block: Hero
SUBCLASS:Charismatic Hero	COST:0
SUBCLASSLEVEL:1	BONUS:ABILITYPOOL|Charismatic Talent|(CharismaticLvl+1)/2	BONUS:VAR|Action|CharismaticLvl*5	BONUS:VAR|Action|floor((TL-MonsterLevel)/2*(TL-MonsterLevel)/2)|TYPE=NonStackingAP	ABILITY:Special Ability|AUTOMATIC|All Automatic Proficiencies
SUBCLASSLEVEL:2	BONUS:ABILITYPOOL|Charismatic Feat|CharismaticLvl/2
#
1	ABILITY:Wealth|AUTOMATIC|Starting Wealth	ABILITY:FEAT|AUTOMATIC|Simple Weapons Proficiency	TEMPLATE:Occupation

#
# End
#
