# Fri May 31 14:58:42 2019 -- reformatted by PCGen TidyLst v1.04.00
SOURCELONG:Modern System Reference Document - Basics	SOURCESHORT:MSRD	SOURCEWEB:http://www.wizards.com/D20/article.asp?x=msrd	SOURCEDATE:2002-01

###Block: Handguns (Personal Firearms Proficiency feat)

# Equipment Name			Required Weapon Proficiency		Type													Rate of Fire		Contains		Cost	Weight	Crit Mult	Crit Range	Damage		Modifier			Range		Size	Source Page				Special Property
Beretta 92F (9mm autoloader)		PROFICIENCY:WEAPON|Beretta 92F		TYPE:Weapon.Ranged.Standard.Firearm.Pistol.Ballistic.Personal.Semiauto.Container.Projectile		FACT:RateOfFire|S	CONTAINS:1|Bullet=15	COST:16	WT:3	CRITMULT:x2	CRITRANGE:1	DAMAGE:2d6					RANGE:40	SIZE:S	SOURCEPAGE:msrdequipmentweaponsandarmor	SPROP:Magazine 15,Lic(+1)
Beretta 93R (9mm machine pistol)	PROFICIENCY:WEAPON|Beretta 93R		TYPE:Weapon.Ranged.Standard.Firearm.Pistol.Ballistic.Personal.Semiauto.Automatic.Container.Projectile	FACT:RateOfFire|S,A	CONTAINS:1|Bullet=20	COST:18	WT:3	CRITMULT:x2	CRITRANGE:1	DAMAGE:2d6					RANGE:30	SIZE:M	SOURCEPAGE:msrdequipmentweaponsandarmor	SPROP:Magazine 20,Res(+2)
Colt Double Eagle (10mm autoloader)	PROFICIENCY:WEAPON|Colt Double Eagle	TYPE:Weapon.Ranged.Standard.Firearm.Pistol.Ballistic.Personal.Semiauto.Container.Projectile		FACT:RateOfFire|S	CONTAINS:1|Bullet=9	COST:16	WT:3	CRITMULT:x2	CRITRANGE:1	DAMAGE:2d6					RANGE:30	SIZE:S	SOURCEPAGE:msrdequipmentweaponsandarmor	SPROP:Magazine 9 ,Lic(+1)
Colt M1911 (.45 autoloader)		PROFICIENCY:WEAPON|Colt M1911		TYPE:Weapon.Ranged.Standard.Firearm.Pistol.Ballistic.Personal.Semiauto.Container.Projectile		FACT:RateOfFire|S	CONTAINS:1|Bullet=7	COST:15	WT:3	CRITMULT:x2	CRITRANGE:1	DAMAGE:2d6					RANGE:30	SIZE:S	SOURCEPAGE:msrdequipmentweaponsandarmor	SPROP:Magazine 7 ,Lic(+1)
Colt Python (.357 revolver)		PROFICIENCY:WEAPON|Colt Python		TYPE:Weapon.Ranged.Standard.Firearm.Pistol.Ballistic.Personal.Semiauto.Container.Projectile		FACT:RateOfFire|S	CONTAINS:1|Bullet=6	COST:2	WT:3	CRITMULT:x2	CRITRANGE:1	DAMAGE:2d6	EQMOD:MASTERCRAFT_WEAP_HIT_1	RANGE:40	SIZE:M	SOURCEPAGE:msrdequipmentweaponsandarmor	SPROP:Magazine 6 ,Lic(+1)
Derringer (.45)				PROFICIENCY:WEAPON|Derringer		TYPE:Weapon.Ranged.Standard.Firearm.Pistol.Ballistic.Personal.Container.Projectile			FACT:RateOfFire|Single	CONTAINS:1|Bullet=2	COST:14	WT:1	CRITMULT:x2	CRITRANGE:1	DAMAGE:2d6					RANGE:10	SIZE:T	SOURCEPAGE:msrdequipmentweaponsandarmor	SPROP:Magazine 2 ,Lic(+1)
Desert Eagle (.50AE autoloader)		PROFICIENCY:WEAPON|Desert Eagle		TYPE:Weapon.Ranged.Standard.Firearm.Pistol.Ballistic.Personal.Semiauto.Container.Projectile		FACT:RateOfFire|S	CONTAINS:1|Bullet=8	COST:18	WT:4	CRITMULT:x2	CRITRANGE:1	DAMAGE:2d8					RANGE:40	SIZE:M	SOURCEPAGE:msrdequipmentweaponsandarmor	SPROP:Magazine 9 ,Lic(+1)
Glock 17 (9mm autoloader)		PROFICIENCY:WEAPON|Glock 17		TYPE:Weapon.Ranged.Standard.Firearm.Pistol.Ballistic.Personal.Semiauto.Container.Projectile		FACT:RateOfFire|S	CONTAINS:1|Bullet=17	COST:15	WT:2	CRITMULT:x2	CRITRANGE:1	DAMAGE:2d6	EQMOD:MASTERCRAFT_WEAP_HIT_1	RANGE:30	SIZE:S	SOURCEPAGE:msrdequipmentweaponsandarmor	SPROP:Magazine 17,Lic(+1)
Glock 20 (10mm autoloader)		PROFICIENCY:WEAPON|Glock 20		TYPE:Weapon.Ranged.Standard.Firearm.Pistol.Ballistic.Personal.Semiauto.Container.Projectile		FACT:RateOfFire|S	CONTAINS:1|Bullet=15	COST:15	WT:3	CRITMULT:x2	CRITRANGE:1	DAMAGE:2d6	EQMOD:MASTERCRAFT_WEAP_HIT_1	RANGE:40	SIZE:S	SOURCEPAGE:msrdequipmentweaponsandarmor	SPROP:Magazine 15,Lic(+1)
MAC Ingram M10 (.45 machine pistol)	PROFICIENCY:WEAPON|MAC Ingram M10	TYPE:Weapon.Ranged.Standard.Firearm.Pistol.Ballistic.Personal.Semiauto.Automatic.Container.Projectile	FACT:RateOfFire|S,A	CONTAINS:1|Bullet=30	COST:15	WT:6	CRITMULT:x2	CRITRANGE:1	DAMAGE:2d6					RANGE:40	SIZE:M	SOURCEPAGE:msrdequipmentweaponsandarmor	SPROP:Magazine 30,Res(+2)
Pathfinder (.22 revolver)		PROFICIENCY:WEAPON|Pathfinder		TYPE:Weapon.Ranged.Standard.Firearm.Pistol.Ballistic.Personal.Semiauto.Container.Projectile		FACT:RateOfFire|S	CONTAINS:1|Bullet=6	COST:14	WT:1	CRITMULT:x2	CRITRANGE:1	DAMAGE:2d4					RANGE:20	SIZE:T	SOURCEPAGE:msrdequipmentweaponsandarmor	SPROP:Magazine 6 ,Lic(+1)
Ruger Service-Six (.385 revolver)	PROFICIENCY:WEAPON|Ruger Service-Six	TYPE:Weapon.Ranged.Standard.Firearm.Pistol.Ballistic.Personal.Semiauto.Container.Projectile		FACT:RateOfFire|S	CONTAINS:1|Bullet=6	COST:14	WT:2	CRITMULT:x2	CRITRANGE:1	DAMAGE:2d6					RANGE:30	SIZE:S	SOURCEPAGE:msrdequipmentweaponsandarmor	SPROP:Magazine 6 ,Lic(+1)
S and W M29 (.44 magnum revolver)	PROFICIENCY:WEAPON|S and W M29		TYPE:Weapon.Ranged.Standard.Firearm.Pistol.Ballistic.Personal.Semiauto.Container.Projectile		FACT:RateOfFire|S	CONTAINS:1|Bullet=6	COST:15	WT:3	CRITMULT:x2	CRITRANGE:1	DAMAGE:2d8					RANGE:30	SIZE:M	SOURCEPAGE:msrdequipmentweaponsandarmor	SPROP:Magazine 6 ,Lic(+1)
SITES M9 (9mm autoloader)		PROFICIENCY:WEAPON|SITES M9		TYPE:Weapon.Ranged.Standard.Firearm.Pistol.Ballistic.Personal.Semiauto.Container.Projectile		FACT:RateOfFire|S	CONTAINS:1|Bullet=8	COST:15	WT:2	CRITMULT:x2	CRITRANGE:1	DAMAGE:2d6					RANGE:30	SIZE:T	SOURCEPAGE:msrdequipmentweaponsandarmor	SPROP:Magazine 8 ,Lic(+1)
Skorpion (.32 machine pistol)		PROFICIENCY:WEAPON|Skorpion		TYPE:Weapon.Ranged.Standard.Firearm.Pistol.Ballistic.Personal.Semiauto.Automatic.Container.Projectile	FACT:RateOfFire|S,A	CONTAINS:1|Bullet=20	COST:17	WT:4	CRITMULT:x2	CRITRANGE:1	DAMAGE:2d4					RANGE:40	SIZE:M	SOURCEPAGE:msrdequipmentweaponsandarmor	SPROP:Magazine 20,Res(+2)
TEC-9 (9mm machine pistol)		PROFICIENCY:WEAPON|TEC-9		TYPE:Weapon.Ranged.Standard.Firearm.Pistol.Ballistic.Personal.Automatic.Container.Projectile		FACT:RateOfFire|S or A	CONTAINS:1|Bullet=32	COST:14	WT:4	CRITMULT:x2	CRITRANGE:1	DAMAGE:2d6	EQMOD:AUTOFIRE			RANGE:40	SIZE:M	SOURCEPAGE:msrdequipmentweaponsandarmor	SPROP:Magazine 32,Res(+2)
Walther PPK (.32 autoloader)		PROFICIENCY:WEAPON|Walther PPK		TYPE:Weapon.Ranged.Standard.Firearm.Pistol.Ballistic.Personal.Semiauto.Container.Projectile		FACT:RateOfFire|S	CONTAINS:1|Bullet=7	COST:15	WT:1	CRITMULT:x2	CRITRANGE:1	DAMAGE:2d4					RANGE:30	SIZE:S	SOURCEPAGE:msrdequipmentweaponsandarmor	SPROP:Magazine 7 ,Lic(+1)

###Block: Longarms (Personal Firearms Proficiency feat)

# Equipment Name			Required Weapon Proficiency		Type													Rate of Fire		Contains		Cost	Weight	Crit Mult	Crit Range	Damage		Modifier			Range		Size	Source Page				Special Property
AKM/AK-47 (7.62 assault rifle)		PROFICIENCY:WEAPON|AKM/AK-47		TYPE:Weapon.Ranged.Standard.Firearm.Longarm.Ballistic.Personal.Semiauto.Automatic.Container.Projectile	FACT:RateOfFire|S,A	CONTAINS:1|Bullet=30	COST:15	WT:10	CRITMULT:x2	CRITRANGE:1	DAMAGE:2d8					RANGE:70	SIZE:L	SOURCEPAGE:msrdequipmentweaponsandarmor	SPROP:Magazine 30,Res(+2)
Barrett Light Fifty (.50 sniper rifle)	PROFICIENCY:WEAPON|Barrett Light Fifty	TYPE:Weapon.Ranged.Standard.Firearm.Longarm.Ballistic.Personal.Semiauto.Container.Projectile		FACT:RateOfFire|S	CONTAINS:1|Bullet=11	COST:22	WT:35	CRITMULT:x2	CRITRANGE:1	DAMAGE:2d12					RANGE:120	SIZE:H	SOURCEPAGE:msrdequipmentweaponsandarmor	SPROP:Magazine 11,Lic(+1)
Benelli 121 M1 (12-gague shotgun)	PROFICIENCY:WEAPON|Benelli 121 M1	TYPE:Weapon.Ranged.Standard.Firearm.Longarm.Ballistic.Personal.Semiauto.Container.Projectile		FACT:RateOfFire|S	CONTAINS:1|Bullet=7	COST:17	WT:8	CRITMULT:x2	CRITRANGE:1	DAMAGE:2d8					RANGE:40	SIZE:L	SOURCEPAGE:msrdequipmentweaponsandarmor	SPROP:Magazine 7,Lic(+1)
Beretta M3P (12 gauge shotgun)		PROFICIENCY:WEAPON|Beretta M3P		TYPE:Weapon.Ranged.Standard.Firearm.Longarm.Ballistic.Personal.Semiauto.Container.Projectile		FACT:RateOfFire|S	CONTAINS:1|Bullet=5	COST:16	WT:9	CRITMULT:x2	CRITRANGE:1	DAMAGE:2d8					RANGE:30	SIZE:L	SOURCEPAGE:msrdequipmentweaponsandarmor	SPROP:Magazine 5 ,Lic(+1)
Browning BPS (10 gauge shotgun)		PROFICIENCY:WEAPON|Browning BPS		TYPE:Weapon.Ranged.Standard.Firearm.Longarm.Ballistic.Personal.Semiauto.Container.Projectile		FACT:RateOfFire|S	CONTAINS:1|Bullet=5	COST:16	WT:11	CRITMULT:x2	CRITRANGE:1	DAMAGE:2d10					RANGE:30	SIZE:L	SOURCEPAGE:msrdequipmentweaponsandarmor	SPROP:Magazine 5 ,Lic(+1)
HK G3 (7.62 assault rifle)		PROFICIENCY:WEAPON|HK G3		TYPE:Weapon.Ranged.Standard.Firearm.Longarm.Ballistic.Personal.Semiauto.Automatic.Container.Projectile	FACT:RateOfFire|S,A	CONTAINS:1|Bullet=20	COST:19	WT:11	CRITMULT:x2	CRITRANGE:1	DAMAGE:2d10					RANGE:90	SIZE:L	SOURCEPAGE:msrdequipmentweaponsandarmor	SPROP:Magazine 20,Res(+2)
HK MP5 (9mm submachine gun)		PROFICIENCY:WEAPON|HK MP5		TYPE:Weapon.Ranged.Standard.Firearm.Longarm.Ballistic.Personal.Semiauto.Automatic.Container.Projectile	FACT:RateOfFire|S,A	CONTAINS:1|Bullet=30	COST:17	WT:7	CRITMULT:x2	CRITRANGE:1	DAMAGE:2d6	EQMOD:MASTERCRAFT_WEAP_HIT_1	RANGE:50	SIZE:L	SOURCEPAGE:msrdequipmentweaponsandarmor	SPROP:Magazine 30,Res(+2)
HK MP5K (9mm submachine gun)		PROFICIENCY:WEAPON|HK MP5K		TYPE:Weapon.Ranged.Standard.Firearm.Longarm.Ballistic.Personal.Semiauto.Automatic.Container.Projectile	FACT:RateOfFire|S,A	CONTAINS:1|Bullet=15	COST:19	WT:5	CRITMULT:x2	CRITRANGE:1	DAMAGE:2d6					RANGE:40	SIZE:M	SOURCEPAGE:msrdequipmentweaponsandarmor	SPROP:Magazine 15,Res(+2)
HK PSG1 (7.62 sniper rifle)		PROFICIENCY:WEAPON|HK PSG1		TYPE:Weapon.Ranged.Standard.Firearm.Longarm.Ballistic.Personal.Semiauto.Container.Projectile		FACT:RateOfFire|S	CONTAINS:1|Bullet=5	COST:19	WT:16	CRITMULT:x2	CRITRANGE:1	DAMAGE:2d10	EQMOD:MASTERCRAFT_WEAP_HIT_1	RANGE:90	SIZE:L	SOURCEPAGE:msrdequipmentweaponsandarmor	SPROP:Magazine 5 ,Lic(+1)
M16A2 (5.56mm assault rifle)		PROFICIENCY:WEAPON|M16A2		TYPE:Weapon.Ranged.Standard.Firearm.Longarm.Ballistic.Personal.Semiauto.Automatic.Container.Projectile	FACT:RateOfFire|S,A	CONTAINS:1|Bullet=30	COST:16	WT:8	CRITMULT:x2	CRITRANGE:1	DAMAGE:2d8					RANGE:80	SIZE:L	SOURCEPAGE:msrdequipmentweaponsandarmor	SPROP:Magazine 30,Res(+2)
M4 Carbine (5.56mm assault rifle)	PROFICIENCY:WEAPON|M4 Carbine		TYPE:Weapon.Ranged.Standard.Firearm.Longarm.Ballistic.Personal.Semiauto.Automatic.Container.Projectile	FACT:RateOfFire|S,A	CONTAINS:1|Bullet=30	COST:16	WT:7	CRITMULT:x2	CRITRANGE:1	DAMAGE:2d8					RANGE:60	SIZE:L	SOURCEPAGE:msrdequipmentweaponsandarmor	SPROP:Magazine 30,Res(+2)
M-60 (Medium machine gun)		PROFICIENCY:WEAPON|M-60			TYPE:Weapon.Ranged.Standard.Firearm.Ballistic.HMG.Container.Projectile					FACT:RateOfFire|A	CONTAINS:1|Bullet=100	COST:21	WT:22	CRITMULT:x2	CRITRANGE:1	DAMAGE:2d8					RANGE:100	SIZE:H	SOURCEPAGE:msrdequipmentweaponsandarmor	SPROP:Linked Ammo ,Mil(+3)
Mossberg (12 gauge shotgun)		PROFICIENCY:WEAPON|Mossberg		TYPE:Weapon.Ranged.Standard.Firearm.Longarm.Ballistic.Personal.Semiauto.Container.Projectile		FACT:RateOfFire|S	CONTAINS:1|Bullet=6	COST:15	WT:7	CRITMULT:x2	CRITRANGE:1	DAMAGE:2d8					RANGE:30	SIZE:L	SOURCEPAGE:msrdequipmentweaponsandarmor	SPROP:Magazine 6 ,Lic(+1)
Remington 700 (7.62 hunting rifle)	PROFICIENCY:WEAPON|Remington 700	TYPE:Weapon.Ranged.Standard.Firearm.Longarm.Ballistic.Personal.Container.Projectile			FACT:RateOfFire|Single	CONTAINS:1|Bullet=5	COST:17	WT:8	CRITMULT:x2	CRITRANGE:1	DAMAGE:2d10					RANGE:80	SIZE:L	SOURCEPAGE:msrdequipmentweaponsandarmor	SPROP:Magazine 5 ,Lic(+1)
Sawed-Off Shotgun (12 gauge shotgun)	PROFICIENCY:WEAPON|Sawed-Off Shotgun	TYPE:Weapon.Ranged.Standard.Firearm.Longarm.Ballistic.Personal.Semiauto.Container.Projectile		FACT:RateOfFire|S	CONTAINS:1|Bullet=2	COST:15	WT:4	CRITMULT:x2	CRITRANGE:1	DAMAGE:2d8					RANGE:10	SIZE:M	SOURCEPAGE:msrdequipmentweaponsandarmor	SPROP:Magazine 2 ,Lic(+1)
Steyr AUG (5.56mm assault rifle)	PROFICIENCY:WEAPON|Steyr AUG		TYPE:Weapon.Ranged.Standard.Firearm.Longarm.Ballistic.Personal.Semiauto.Automatic.Container.Projectile	FACT:RateOfFire|S,A	CONTAINS:1|Bullet=30	COST:19	WT:9	CRITMULT:x2	CRITRANGE:1	DAMAGE:2d8					RANGE:80	SIZE:L	SOURCEPAGE:msrdequipmentweaponsandarmor	SPROP:Magazine 20,Res(+2)
Uzi (9mm submachine gun)		PROFICIENCY:WEAPON|Uzi			TYPE:Weapon.Ranged.Standard.Firearm.Longarm.Ballistic.Personal.Semiauto.Automatic.Container.Projectile	FACT:RateOfFire|S,A	CONTAINS:1|Bullet=20	COST:18	WT:8	CRITMULT:x2	CRITRANGE:1	DAMAGE:2d6					RANGE:40	SIZE:L	SOURCEPAGE:msrdequipmentweaponsandarmor	SPROP:Magazine 20,Res(+2)
Winchester 94 (.444 hunting rifle)	PROFICIENCY:WEAPON|Winchester 94	TYPE:Weapon.Ranged.Standard.Firearm.Longarm.Ballistic.Personal.Semiauto.Container.Projectile		FACT:RateOfFire|S	CONTAINS:1|Bullet=6	COST:15	WT:7	CRITMULT:x2	CRITRANGE:1	DAMAGE:2d10					RANGE:90	SIZE:L	SOURCEPAGE:msrdequipmentweaponsandarmor	SPROP:Magazine 6 ,Lic(+1)

###Block: Heavy Weapons (Exotic Firearms Proficiency feat)

# Equipment Name		Required Weapon Proficiency		Type									Rate of Fire		Contains		Cost	Weight	Crit Mult	Crit Range	Damage		Range		Size	Source Page				Special Property
M2HB (Heavy machine gun)	PROFICIENCY:WEAPON|Heavy Machine Gun	TYPE:Weapon.Ranged.Standard.Firearm.Ballistic.HMG.Container.Projectile	FACT:RateOfFire|A	CONTAINS:1|Bullet=100	COST:22	WT:75	CRITMULT:x2	CRITRANGE:1	DAMAGE:2d12	RANGE:110	SIZE:H	SOURCEPAGE:msrdequipmentweaponsandarmor	SPROP:Linked Ammo ,Mil(+3)
M72A3 LAW (rocket launcher)	PROFICIENCY:WEAPON|Rocket Launcher	TYPE:Weapon.Ranged.Standard.Firearm.RocketLauncher			FACT:RateOfFire|1				COST:15	WT:5	CRITMULT:-	CRITRANGE:0	DAMAGE:10d6	RANGE:150	SIZE:L	SOURCEPAGE:msrdequipmentweaponsandarmor	SPROP:1 int ,Mil(+3)
M79 (grenade launcher)		PROFICIENCY:WEAPON|Grenade Launcher	TYPE:Weapon.Ranged.Standard.Firearm.GrenadeLauncher.Container		FACT:RateOfFire|1	CONTAINS:UNLIM|40mm=1	COST:14	WT:7	CRITMULT:-	CRITRANGE:0	DAMAGE:0	RANGE:70	SIZE:L	SOURCEPAGE:msrdequipmentweaponsandarmor	SPROP:1 int ,Mil(+3)
