# Fri May 31 17:15:34 2019 -- reformatted by PCGen TidyLst v1.04.00
SOURCELONG:Modern System Reference Document - Basics	SOURCESHORT:MSRD	SOURCEWEB:http://www.wizards.com/D20/article.asp?x=msrd	SOURCEDATE:2002-01

###############################################
# Shared Abilities
###############################################

# These abilities, while from the Fx section, need to be available everywhere and as such have been put in basic.

#----------------------------------------------
#  Turning
#----------------------------------------------

###Block: Turning
# Ability Name			Category of Ability		Type					Visible		Special ABility																								Define																										Modify VAR
Base Turn			CATEGORY:Special Ability	TYPE:Special.Turning			VISIBLE:NO																										DEFINE:TurnTimes|0	DEFINE:TurnLevel|0	DEFINE:TurnDice|0	DEFINE:TurnDieSize|0	DEFINE:TurnDamagePlus|0	DEFINE:TurnCheck|0									BONUS:VAR|TurnDice|2	BONUS:VAR|TurnDieSize|6	BONUS:VAR|TurnDamagePlus|CHA
Turn/Rebuke Undead		CATEGORY:Special Ability	TYPE:Special.Turning.Undead		VISIBLE:NO	SAB:Turn/Rebuke Undead (Su) ~ %/day (Turn Level % ~ Turn Damage %d%+%)|TurnTimesUndead|TurnLevelUndead|TurnDiceUndead|TurnDieSizeUndead|TurnDamagePlusUndead						DEFINE:TurnTimesUndead|0	DEFINE:TurnLevelUndead|0	DEFINE:TurnDiceUndead|0	DEFINE:TurnDieSizeUndead|0	DEFINE:TurnDamagePlusUndead|0	DEFINE:TurnCheckUndead|0				BONUS:VAR|TurnTimesUndead|TurnTimes	BONUS:VAR|TurnLevelUndead|TurnLevel	BONUS:VAR|TurnDiceUndead|TurnDice	BONUS:VAR|TurnDieSizeUndead|TurnDieSize	BONUS:VAR|TurnDamagePlusUndead|TurnDamagePlus	BONUS:VAR|TurnCheckUndead|TurnCheck
Turn/Rebuke Animals		CATEGORY:Special Ability	TYPE:Special.Turning.Animals		VISIBLE:NO	SAB:Turn/Rebuke Animals (Su) ~ %/day (Turn Level % ~ Turn Damage %d%+%)|TurnTimesAnimals|TurnLevelAnimals|TurnDiceAnimals|TurnDieSizeAnimals|TurnDamagePlusAnimals					DEFINE:TurnTimesAnimals|0	DEFINE:TurnLevelAnimals|0	DEFINE:TurnDiceAnimals|0	DEFINE:TurnDieSizeAnimals|0	DEFINE:TurnDamagePlusAnimals|0	DEFINE:TurnCheckAnimals|0			BONUS:VAR|TurnTimesAnimals|TurnTimes	BONUS:VAR|TurnLevelAnimals|TurnLevel	BONUS:VAR|TurnDiceAnimals|TurnDice	BONUS:VAR|TurnDieSizeAnimals|TurnDieSize	BONUS:VAR|TurnDamagePlusAnimals|TurnDamagePlus	BONUS:VAR|TurnCheckAnimals|TurnCheck
Turn/Rebuke Humans		CATEGORY:Special Ability	TYPE:Special.Turning.Humans		VISIBLE:NO	SAB:Turn/Rebuke Humans (Su) ~ %/day (Turn Level % ~ Turn Damage %d%+%)|TurnTimesHumans|TurnLevelHumans|TurnDiceHumans|TurnDieSizeHumans|TurnDamagePlusHumans						DEFINE:TurnTimesHumans|0	DEFINE:TurnLevelHumans|0	DEFINE:TurnDiceHumans|0	DEFINE:TurnDieSizeHumans|0	DEFINE:TurnDamagePlusHumans|0	DEFINE:TurnCheckHumans|0				BONUS:VAR|TurnTimesHumans|TurnTimes	BONUS:VAR|TurnLevelHumans|TurnLevel	BONUS:VAR|TurnDiceHumans|TurnDice	BONUS:VAR|TurnDieSizeHumans|TurnDieSize	BONUS:VAR|TurnDamagePlusHumans|TurnDamagePlus	BONUS:VAR|TurnCheckHumans|TurnCheck
Turn/Rebuke Magical Beasts	CATEGORY:Special Ability	TYPE:Special.Turning.MagicalBeasts	VISIBLE:NO	SAB:Turn/Rebuke Magical Beasts (Su) ~ %/day (Turn Level % ~ Turn Damage %d%+%)|TurnTimesMagicalBeasts|TurnLevelMagicalBeasts|TurnDiceMagicalBeasts|TurnDieSizeMagicalBeasts|TurnDamagePlusMagicalBeasts	DEFINE:TurnTimesMagicalBeasts|0	DEFINE:TurnLevelMagicalBeasts|0	DEFINE:TurnDiceMagicalBeasts|0	DEFINE:TurnDieSizeMagicalBeasts|0	DEFINE:TurnDamagePlusMagicalBeasts|0	DEFINE:TurnCheckMagicalBeasts|0	BONUS:VAR|TurnTimesMagicalBeasts|TurnTimes	BONUS:VAR|TurnLevelMagicalBeasts|TurnLevel	BONUS:VAR|TurnDiceMagicalBeasts|TurnDice	BONUS:VAR|TurnDieSizeMagicalBeasts|TurnDieSize	BONUS:VAR|TurnDamagePlusMagicalBeasts|TurnDamagePlus	BONUS:VAR|TurnCheckMagicalBeasts|TurnCheck
Turn/Rebuke Outsiders		CATEGORY:Special Ability	TYPE:Special.Turning.Outsiders		VISIBLE:NO	SAB:Turn or Rebuke Outsiders (Su)


#----------------------------------------------
#  FX Class Abilities
#----------------------------------------------

###Block: FX Class Abilities
# Ability Name		Category of Ability		Type			Visible		Special ABility				Define			Description																				Add Spell Lvl	Modify VAR		Allow Follower		Allowed Companions								Source Page
Brew Potion		CATEGORY:Special Ability				VISIBLE:NO						DEFINE:BrewLevel|0	DESC:Brew a potion, level is set at time of creation...																	BONUS:VAR|BrewLevel|3														SOURCEPAGE:msrdadvancedclassesII
Maximize Spell		CATEGORY:Special Ability				VISIBLE:NO									DESC:All variable, numeric effects of a spell automatically achieve their maximum values; treat any spell this is applied to as three higher for memorization purposes	ADDSPELLLEVEL:3																	SOURCEPAGE:msrdadvancedclassesII
Quicken Spell		CATEGORY:Special Ability	TYPE:Special		VISIBLE:NO																														ADDSPELLLEVEL:4
Scribe Scroll		CATEGORY:Special Ability				VISIBLE:NO									DESC:Create a scroll, level is set at time of creation...																																SOURCEPAGE:msrdadvancedclassesII
Scribe Tattoo		CATEGORY:Special Ability				VISIBLE:NO									DESC:Create a tattoo, level is set at time of creation...																																SOURCEPAGE:msrdadvancedclassesII
Summon Familiar		CATEGORY:Special Ability				VISIBLE:NO	SAB:Summon Familiar			DEFINE:FamiliarLVL|0																											FOLLOWERS:Familiar|1	COMPANIONLIST:Familiar|Bat,Cat,Ferret,Hawk,Owl,Rat,Snake (Tiny/Viper),Toad
Web Access Spells	CATEGORY:Special Ability	TYPE:VirtualPossession	VISIBLE:NO	SAB:Can use Web Access as spellbook
