# Fri May 31 14:58:42 2019 -- reformatted by PCGen TidyLst v1.04.00
# This file does not need to be referenced by a set of data or game mode
# unless that data uses a data control file (DATACONTROL: in a PCC file)
#
# Once a dataset takes on the responsibility of a DATACONTROL file, then it
# MUST include these entries (or something near equivalent [additional
# SELECT-ability would be legal]) in one of the DATACONTROL files.

# This MUST be included if you enable the datacontrol file....

# Name						Dataformat		Selectable		Visible
# Fact Definition		Data type		Visibility
FACTDEF:ABILITY|AppliedName	DATAFORMAT:String	VISIBLE:YES

# Fact Definition	Data type		Selectability	Visibility
FACTDEF:CLASS|Abb	DATAFORMAT:String			VISIBLE:YES
FACTDEF:CLASS|ClassType	DATAFORMAT:String			VISIBLE:YES
FACTDEF:CLASS|SpellType	DATAFORMAT:String	SELECTABLE:YES	VISIBLE:YES

# Fact Definition		Data type		Visibility
FACTDEF:DEITY|Symbol		DATAFORMAT:String	VISIBLE:YES
FACTDEF:DEITY|Worshippers	DATAFORMAT:String	VISIBLE:YES
FACTDEF:DEITY|Title		DATAFORMAT:String	VISIBLE:YES
FACTDEF:DEITY|Appearance	DATAFORMAT:String	VISIBLE:YES

# Fact Definition		Data type		Visibility
FACTDEF:EQUIPMENT|RateOfFire	DATAFORMAT:String	VISIBLE:YES

# Fact Definition		Data type		Visibility
FACTDEF:TEMPLATE|AppliedName	DATAFORMAT:String	VISIBLE:YES

# Fact Set Definition		Data type		Selectability	Visibility
FACTSETDEF:DEITY|Pantheon	DATAFORMAT:String	SELECTABLE:YES	VISIBLE:YES
FACTSETDEF:DEITY|Race		DATAFORMAT:String			VISIBLE:YES


# Fact Definition	Data type			Necessity	Visibility	What it's for
FACTDEF:RACE|BaseSize	DATAFORMAT:SIZEADJUSTMENT	REQUIRED:YES	VISIBLE:YES	EXPLANATION:All Races must have a Size - in the case of multiple sizes, use the SMALLEST allowed.


DEFAULTVARIABLEVALUE:ORDEREDPAIR|0,0
DEFAULTVARIABLEVALUE:NUMBER|0
DEFAULTVARIABLEVALUE:BOOLEAN|False
DEFAULTVARIABLEVALUE:STRING|
DEFAULTVARIABLEVALUE:DICE|0
DEFAULTVARIABLEVALUE:HANDED|Right
DEFAULTVARIABLEVALUE:ALIGNMENT|None
# No Alignment for this Game System
